


ARM Macro Assembler    Page 1 


    1 00000000         ;/******************************************************
                       ********************//**
    2 00000000         ; * @file     startup_AC1003.s
    3 00000000         ; * @brief    CMSIS Core Device Startup File for
    4 00000000         ; *           ARMCM0plus Device Series
    5 00000000         ; * @version  V1.01
    6 00000000         ; * @date     23. November 2012
    7 00000000         ; *
    8 00000000         ; * @note
    9 00000000         ; *
   10 00000000         ; ******************************************************
                       ************************/
   11 00000000         ;/* Copyright (c) 2012 ARM LIMITED
   12 00000000         ;
   13 00000000         ;   All rights reserved.
   14 00000000         ;   Redistribution and use in source and binary forms, w
                       ith or without
   15 00000000         ;   modification, are permitted provided that the follow
                       ing conditions are met:
   16 00000000         ;   - Redistributions of source code must retain the abo
                       ve copyright
   17 00000000         ;     notice, this list of conditions and the following 
                       disclaimer.
   18 00000000         ;   - Redistributions in binary form must reproduce the 
                       above copyright
   19 00000000         ;     notice, this list of conditions and the following 
                       disclaimer in the
   20 00000000         ;     documentation and/or other materials provided with
                        the distribution.
   21 00000000         ;   - Neither the name of ARM nor the names of its contr
                       ibutors may be used
   22 00000000         ;     to endorse or promote products derived from this s
                       oftware without
   23 00000000         ;     specific prior written permission.
   24 00000000         ;   *
   25 00000000         ;   THIS SOFTWARE IS PROVIDED BY THE COPYRIGHT HOLDERS A
                       ND CONTRIBUTORS "AS IS"
   26 00000000         ;   AND ANY EXPRESS OR IMPLIED WARRANTIES, INCLUDING, BU
                       T NOT LIMITED TO, THE
   27 00000000         ;   IMPLIED WARRANTIES OF MERCHANTABILITY AND FITNESS FO
                       R A PARTICULAR PURPOSE
   28 00000000         ;   ARE DISCLAIMED. IN NO EVENT SHALL COPYRIGHT HOLDERS 
                       AND CONTRIBUTORS BE
   29 00000000         ;   LIABLE FOR ANY DIRECT, INDIRECT, INCIDENTAL, SPECIAL
                       , EXEMPLARY, OR
   30 00000000         ;   CONSEQUENTIAL DAMAGES (INCLUDING, BUT NOT LIMITED TO
                       , PROCUREMENT OF
   31 00000000         ;   SUBSTITUTE GOODS OR SERVICES; LOSS OF USE, DATA, OR 
                       PROFITS; OR BUSINESS
   32 00000000         ;   INTERRUPTION) HOWEVER CAUSED AND ON ANY THEORY OF LI
                       ABILITY, WHETHER IN
   33 00000000         ;   CONTRACT, STRICT LIABILITY, OR TORT (INCLUDING NEGLI
                       GENCE OR OTHERWISE)
   34 00000000         ;   ARISING IN ANY WAY OUT OF THE USE OF THIS SOFTWARE, 
                       EVEN IF ADVISED OF THE
   35 00000000         ;   POSSIBILITY OF SUCH DAMAGE.
   36 00000000         ;   ----------------------------------------------------
                       -----------------------*/
   37 00000000         ;/*



ARM Macro Assembler    Page 2 


   38 00000000         ;//-------- <<< Use Configuration Wizard in Context Menu
                        >>> ------------------
   39 00000000         ;*/
   40 00000000         
   41 00000000         
   42 00000000         ; Amount of memory (in bytes) allocated for Stack
   43 00000000         ; Tailor this value to your application needs
   44 00000000         ; <h> Stack Configuration
   45 00000000         ; <o> Stack Size (in Bytes) <0x0-0xFFFFFFFF:8>
   46 00000000         ; </h>
   47 00000000         
   48 00000000 00000200 
                       Stack_Size
                               EQU              0x00000200
   49 00000000         
   50 00000000                 AREA             STACK, NOINIT, READWRITE, ALIGN
=3
   51 00000000         Stack_Mem
                               SPACE            Stack_Size
   52 00000200         __initial_sp
   53 00000200         
   54 00000200         
   55 00000200         ; <h> Heap Configuration
   56 00000200         ; <o>  Heap Size (in Bytes) <0x0-0xFFFFFFFF:8>
   57 00000200         ; </h>
   58 00000200         
   59 00000200 00000200 
                       Heap_Size
                               EQU              0x00000200
   60 00000200         
   61 00000200                 AREA             HEAP, NOINIT, READWRITE, ALIGN=
3
   62 00000000         __heap_base
   63 00000000         Heap_Mem
                               SPACE            Heap_Size
   64 00000200         __heap_limit
   65 00000200         
   66 00000200         
   67 00000200                 PRESERVE8
   68 00000200                 THUMB
   69 00000200         
   70 00000200         
   71 00000200         ; Vector Table Mapped to Address 0 at Reset
   72 00000200         
   73 00000200                 AREA             RESET, DATA, READONLY
   74 00000000                 EXPORT           __Vectors
   75 00000000                 EXPORT           __Vectors_End
   76 00000000                 EXPORT           __Vectors_Size
   77 00000000         
   78 00000000 00000000 
                       __Vectors
                               DCD              __initial_sp ; Top of Stack
   79 00000004 00000000        DCD              Reset_Handler ; Reset Handler
   80 00000008 00000000        DCD              NMI_Handler ; NMI Handler
   81 0000000C 00000000        DCD              HardFault_Handler ; Hard Fault 
                                                            Handler
   82 00000010 00000000        DCD              0           ; Reserved
   83 00000014 00000000        DCD              0           ; Reserved
   84 00000018 00000000        DCD              0           ; Reserved



ARM Macro Assembler    Page 3 


   85 0000001C 00000000        DCD              0           ; Reserved
   86 00000020 00000000        DCD              0           ; Reserved
   87 00000024 00000000        DCD              0           ; Reserved
   88 00000028 00000000        DCD              0           ; Reserved
   89 0000002C 00000000        DCD              SVC_Handler ; SVCall Handler
   90 00000030 00000000        DCD              0           ; Reserved
   91 00000034 00000000        DCD              0           ; Reserved
   92 00000038 00000000        DCD              PendSV_Handler ; PendSV Handler
                                                            
   93 0000003C 00000000        DCD              SysTick_Handler 
                                                            ; SysTick Handler
   94 00000040         
   95 00000040         
   96 00000040         ; External Interrupts         
   97 00000040 00000000        DCD              GPIOA_IRQHandler ; GPIOA_IRQn  
                                                                    = 0,
   98 00000044 00000000        DCD              GPIOB_IRQHandler ; GPIOB_IRQn  
                                                                    = 1,
   99 00000048 00000000        DCD              GPIOC_IRQHandler ; GPIOC_IRQn  
                                                                    = 2,
  100 0000004C 00000000        DCD              GPIOD_IRQHandler ; GPIOD_IRQn  
                                                                    = 3,
  101 00000050 00000000        DCD              FLASH_IRQHandler ; FLASH_IRQHan
                                                            dler    = 4,
  102 00000054 00000000        DCD              0           ; Reserved---------
                                                            -----5,
  103 00000058 00000000        DCD              UART0_IRQHandler ; UART0_IRQn  
                                                                    = 6,
  104 0000005C 00000000        DCD              UART1_IRQHandler ; UART1_IRQn  
                                                                    = 7,
  105 00000060 00000000        DCD              LPUART_IRQHandler 
                                                            ; LPUART_IRQn=8,
  106 00000064 00000000        DCD              0           ; Reserved---------
                                                            -----9,
  107 00000068 00000000        DCD              SPI_IRQHandler ; SPI0COMB_IRQn 
                                                                  = 10,
  108 0000006C 00000000        DCD              0           ; Reserved---------
                                                            -----11,
  109 00000070 00000000        DCD              I2C_IRQHandler ; I2C0_IRQn     
                                                                  = 12,
  110 00000074 00000000        DCD              0           ; Reserved---------
                                                            -----13,
  111 00000078 00000000        DCD              TIM10_IRQHandler ; TIMER0_IRQn 
                                                                    = 14,
  112 0000007C 00000000        DCD              TIM11_IRQHandler ; TIMER1_IRQn 
                                                                    = 15,
  113 00000080 00000000        DCD              LPTIM_IRQHandler ; LPTIMER_IRQn
                                                                    = 16,
  114 00000084 00000000        DCD              0           ; Reserved---------
                                                            -----17,
  115 00000088 00000000        DCD              TIM1_IRQHandler ; ADVTIM1      
                                                                   = 18,
  116 0000008C 00000000        DCD              TIM2_IRQHandler ; ADVTIM2------
                                                            ---------19,
  117 00000090 00000000        DCD              0           ; Reserved---------
                                                            -----20,
  118 00000094 00000000        DCD              PCA_IRQHandler ; PCA_IRQn      
                                                                  = 21,
  119 00000098 00000000        DCD              WWDG_IRQHandler ; WWDT_IRQn    



ARM Macro Assembler    Page 4 


                                                                   = 22,
  120 0000009C 00000000        DCD              IWDG_IRQHandler ; IWDT_IRQn    
                                                                   = 23,
  121 000000A0 00000000        DCD              ADC_IRQHandler ; ADC0_IRQn     
                                                                  = 24,
  122 000000A4 00000000        DCD              LVD_IRQHandler ; LVD_IRQn      
                                                                  = 25
  123 000000A8 00000000        DCD              VC_IRQHandler ; VC_IRQn        
                                                                 = 26,
  124 000000AC 00000000        DCD              0           ; Reserved---------
                                                            -----27,
  125 000000B0 00000000        DCD              AWK_IRQHandler ; AWK_IRQn      
                                                                  = 28,
  126 000000B4 00000000        DCD              ONEWIRE_IRQHandler ; ONEWIRE_IR
                                                            Qn        = 29,
  127 000000B8 00000000        DCD              RTC_IRQHandler ; RTC_MATCH0_IRQ
                                                            n     = 30,
  128 000000BC 00000000        DCD              CLKTRIM_IRQHandler ; CLKTRIM_IR
                                                            Qn        = 31     
                                                             
  129 000000C0         __Vectors_End
  130 000000C0         
  131 000000C0 000000C0 
                       __Vectors_Size
                               EQU              __Vectors_End - __Vectors
  132 000000C0         
  133 000000C0                 AREA             |.text|, CODE, READONLY
  134 00000000         
  135 00000000         
  136 00000000         ; Reset Handler
  137 00000000         
  138 00000000         Reset_Handler
                               PROC
  139 00000000                 EXPORT           Reset_Handler             [WEAK
]
  140 00000000                 IMPORT           SystemInit
  141 00000000                 IMPORT           __main
  142 00000000 4804            LDR              R0, =SystemInit
  143 00000002 4780            BLX              R0
  144 00000004 4804            LDR              R0, =__main
  145 00000006 4700            BX               R0
  146 00000008                 ENDP
  147 00000008         
  148 00000008         
  149 00000008         ; Dummy Exception Handlers (infinite loops which can be 
                       modified)
  150 00000008         
  151 00000008         NMI_Handler
                               PROC
  152 00000008                 EXPORT           NMI_Handler               [WEAK
]
  153 00000008 E7FE            B                .
  154 0000000A                 ENDP
  156 0000000A         HardFault_Handler
                               PROC
  157 0000000A                 EXPORT           HardFault_Handler         [WEAK
]
  158 0000000A E7FE            B                .
  159 0000000C                 ENDP



ARM Macro Assembler    Page 5 


  160 0000000C         SVC_Handler
                               PROC
  161 0000000C                 EXPORT           SVC_Handler               [WEAK
]
  162 0000000C E7FE            B                .
  163 0000000E                 ENDP
  164 0000000E         PendSV_Handler
                               PROC
  165 0000000E                 EXPORT           PendSV_Handler            [WEAK
]
  166 0000000E E7FE            B                .
  167 00000010                 ENDP
  168 00000010         SysTick_Handler
                               PROC
  169 00000010                 EXPORT           SysTick_Handler           [WEAK
]
  170 00000010 E7FE            B                .
  171 00000012                 ENDP
  172 00000012         
  173 00000012         Default_Handler
                               PROC
  174 00000012         
  175 00000012                 EXPORT           GPIOA_IRQHandler          [WEAK
] 
                                                            ; GPIOA_IRQn       
                                                               = 0,            
                                                                               
                                                                               
                                                               
  176 00000012                 EXPORT           GPIOB_IRQHandler          [WEAK
] 
                                                            ; GPIOB_IRQn       
                                                               = 1,            
                                                                               
                                                                               
                                                               
  177 00000012                 EXPORT           GPIOC_IRQHandler          [WEAK
] 
                                                            ; GPIOC_IRQn       
                                                               = 2,            
                                                                               
                                                                               
                                                               
  178 00000012                 EXPORT           GPIOD_IRQHandler          [WEAK
] 
                                                            ; GPIOD_IRQn       
                                                               = 3,            
                                                                               
                                                                               
                                                               
  179 00000012                 EXPORT           FLASH_IRQHandler          [WEAK
] 
                                                            ; FLASH_IRQHandler 
                                                               = 4,            
                                                                               
                                                                               
                                                              
  180 00000012         ;EXPORT  0                        [WEAK]  ; Reserved----
                       ----------5,                                            



ARM Macro Assembler    Page 6 


                               
  181 00000012                 EXPORT           UART0_IRQHandler          [WEAK
] 
                                                            ; UART0_IRQn       
                                                               = 6,            
                                                                               
                                                                               
                                                               
  182 00000012                 EXPORT           UART1_IRQHandler          [WEAK
] 
                                                            ; UART1_IRQn       
                                                               = 7,            
                                                                               
                                                                               
                                                               
  183 00000012                 EXPORT           LPUART_IRQHandler         [WEAK
] 
                                                            ;LPUART_IRQn = 8,  
                                                                               
                                                                               
                                                                        
  184 00000012         ;EXPORT  0                        [WEAK]  ; Reserved----
                       ----------9,                                            
                               
  185 00000012                 EXPORT           SPI_IRQHandler            [WEAK
] 
                                                            ; SPI_IRQn         
                                                               = 10,           
                                                                               
                                                                               
                                                               
  186 00000012         ;EXPORT  0                        [WEAK]  ;             
                                                            
  187 00000012                 EXPORT           I2C_IRQHandler            [WEAK
] 
                                                            ; I2C0_IRQn        
                                                               = 12,           
                                                                               
                                                                               
                                                               
  188 00000012         ;EXPORT 0                         [WEAK]  ;             
                                                             
  189 00000012                 EXPORT           TIM10_IRQHandler          [WEAK
] 
                                                            ; TIMER0_IRQn      
                                                               = 14,           
                                                                               
                                                                               
                                                               
  190 00000012                 EXPORT           TIM11_IRQHandler          [WEAK
] 
                                                            ; TIMER1_IRQn      
                                                               = 15,           
                                                                               
                                                                               
                                                               
  191 00000012                 EXPORT           LPTIM_IRQHandler          [WEAK
] 
                                                            ; LPTIMER_IRQn     



ARM Macro Assembler    Page 7 


                                                               = 16,           
                                                                               
                                                                               
                                                              
  192 00000012         ;EXPORT  0                        [WEAK]  ; Reserved----
                       ----------17,                                           
                               
  193 00000012                 EXPORT           TIM1_IRQHandler           [WEAK
] 
                                                            ; ADVTim1          
                                                               = 18,           
                                                                               
                                                                               
                                                               
  194 00000012                 EXPORT           TIM2_IRQHandler           [WEAK
] 
                                                            ; ADVTim2----------
                                                            -----19,           
                                                                               
                                                                             
  195 00000012         ;EXPORT  0                        [WEAK]  ; Reserved----
                       ----------20,                                           
                               
  196 00000012                 EXPORT           PCA_IRQHandler            [WEAK
] 
                                                            ; PCA_IRQn         
                                                               = 21,           
                                                                               
                                                                               
                                                               
  197 00000012                 EXPORT           WWDG_IRQHandler           [WEAK
] 
                                                            ; WWDT_IRQn        
                                                               = 22,           
                                                                               
                                                                               
                                                               
  198 00000012                 EXPORT           IWDG_IRQHandler           [WEAK
] 
                                                            ; IWDT_IRQn        
                                                               = 23,           
                                                                               
                                                                               
                                                               
  199 00000012                 EXPORT           ADC_IRQHandler            [WEAK
] 
                                                            ; ADC0_IRQn        
                                                               = 24,           
                                                                               
                                                                               
                                                               
  200 00000012                 EXPORT           LVD_IRQHandler            [WEAK
] 
                                                            ; LVD_IRQn         
                                                               = 25,           
                                                                               
                                                                              
  201 00000012                 EXPORT           VC_IRQHandler             [WEAK
] 



ARM Macro Assembler    Page 8 


                                                            ; VC_IRQn          
                                                               = 26,           
                                                                               
                                                                               
                                                              
  202 00000012         ;EXPORT  0                        [WEAK]  ; Reserved----
                       ----------27,                                           
                               
  203 00000012                 EXPORT           AWK_IRQHandler            [WEAK
] 
                                                            ; AWK_IRQn         
                                                               = 28,           
                                                                       
  204 00000012                 EXPORT           ONEWIRE_IRQHandler        [WEAK
] 
                                                            ; ONEWIRE_IRQn     
                                                               = 29,           
                                                                        
  205 00000012                 EXPORT           RTC_IRQHandler            [WEAK
] 
                                                            ;  RTC_MATCH0_IRQn 
                                                               = 30,
  206 00000012                 EXPORT           CLKTRIM_IRQHandler        [WEAK
] 
                                                            ;  CLKTRIM_IRQn    
                                                               = 31 
  207 00000012         
  208 00000012         
  209 00000012         
  210 00000012         
  211 00000012         GPIOA_IRQHandler                     ; GPIOA_IRQn       
                                                               = 0,            
                                                                               
                                                                               
                                                               
  212 00000012         GPIOB_IRQHandler                     ; GPIOB_IRQn       
                                                               = 1,            
                                                                               
                                                                               
                                                               
  213 00000012         GPIOC_IRQHandler                     ; GPIOC_IRQn       
                                                               = 2,            
                                                                               
                                                                               
                                                               
  214 00000012         GPIOD_IRQHandler                     ; GPIOD_IRQn       
                                                               = 3,            
                                                                               
                                                                               
                                                               
  215 00000012         FLASH_IRQHandler                     ; FLASH_IRQHandler 
                                                               = 4,            
                                                                               
                                                                               
                                                              
  216 00000012         ;0                        ; Reserved--------------5,    
                                                                       
  217 00000012         UART0_IRQHandler                     ; UART0_IRQn       
                                                               = 6,            



ARM Macro Assembler    Page 9 


                                                                               
                                                                               
                                                               
  218 00000012         UART1_IRQHandler                     ; UART1_IRQn       
                                                               = 7,            
                                                                               
                                                                               
                                                               
  219 00000012         LPUART_IRQHandler                    ; LPUART_IRQn      
                                                               = 8,            
                                                                               
                                                                               
                                                              
  220 00000012         ;0                        ; Reserved--------------9,    
                                                                       
  221 00000012         SPI_IRQHandler                       ; SPI_IRQHandler   
                                                               = 10,           
                                                                               
                                                                               
                                                               
  222 00000012         ;0                        ; Reserved--------------11,   
                                                                        
  223 00000012         I2C_IRQHandler                       ; I2C_IRQHandler   
                                                               = 12,           
                                                                               
                                                                               
                                                               
  224 00000012         ;0                        ; Reserved--------------13,   
                                                                     
  225 00000012         TIM10_IRQHandler                     ; TIMER0_IRQn      
                                                               = 14,           
                                                                               
                                                                               
                                                               
  226 00000012         TIM11_IRQHandler                     ; TIMER1_IRQn      
                                                               = 15,           
                                                                               
                                                                               
                                                               
  227 00000012         LPTIM_IRQHandler                     ; LPTIMER_IRQn     
                                                               = 16,
  228 00000012         ;0                        ; Reserved--------------17,   
                                                                       
  229 00000012         TIM1_IRQHandler                      ; ADVTim1_IRQn     
                                                               = 18,           
                                                                               
                                                                               
                                                               
  230 00000012         TIM2_IRQHandler                      ; ADVTim2_IRQn-----
                                                            -----19,           
                                                                               
                                                                               
                                                                
  231 00000012         ;0                        ; Reserved--------------20,   
                                                                       
  232 00000012         PCA_IRQHandler                       ; PCA_IRQn         
                                                               = 21,           
                                                                               
                                                                               



ARM Macro Assembler    Page 10 


                                                               
  233 00000012         WWDG_IRQHandler                      ; WWDT_IRQn        
                                                               = 22,           
                                                                               
                                                                               
                                                               
  234 00000012         IWDG_IRQHandler                      ; IWDT_IRQn        
                                                               = 23,           
                                                                               
                                                                               
                                                               
  235 00000012         ADC_IRQHandler                       ; ADC_IRQHandler   
                                                               = 24,           
                                                                               
                                                                               
                                                               
  236 00000012         LVD_IRQHandler                       ; LVD_IRQn         
                                                               = 25,           
                                                                               
                                                                               
                                                              
  237 00000012         VC_IRQHandler                        ; VC_IRQn          
                                                               = 26,           
                                                                               
                                                                               
                                                                
  238 00000012         ;0                        ; Reserved--------------27,   
                                                                       
  239 00000012         AWK_IRQHandler                       ; AWK_IRQn         
                                                               = 28,           
                                                                               
                                                                               
                                                            
  240 00000012         ONEWIRE_IRQHandler                   ; ONEWIRE_IRQn     
                                                               = 29,           
                                                                         
  241 00000012         RTC_IRQHandler                       ;RTC_IRQHandler    
                                                               = 30,    
  242 00000012         CLKTRIM_IRQHandler                   ;CLKTRIM_IRQn      
                                                               = 31 
  243 00000012         
  244 00000012 E7FE            B                .
  245 00000014         
  246 00000014                 ENDP
  247 00000014         
  248 00000014         
  249 00000014                 ALIGN
  250 00000014         
  251 00000014         
  252 00000014         ; User Initial Stack & Heap
  253 00000014         
  254 00000014                 IF               :DEF:__MICROLIB
  255 00000014         
  256 00000014                 EXPORT           __initial_sp
  257 00000014                 EXPORT           __heap_base
  258 00000014                 EXPORT           __heap_limit
  259 00000014         
  260 00000014                 ELSE
  275                          ENDIF



ARM Macro Assembler    Page 11 


  276 00000014         
  277 00000014         
  278 00000014                 END
              00000000 
              00000000 
Command Line: --debug --xref --diag_suppress=9931 --cpu=Cortex-M0+ --apcs=inter
work --depend=.\objects\startup_ac1003.d -o.\objects\startup_ac1003.o -Ic:\User
s\wsl\Desktop\I2C-Master\MDK-ARM\RTE -IC:\Keil_v5\ARM\PACK\ARM\CMSIS\4.2.0\CMSI
S\Include -IC:\Keil_v5\ARM\PACK\AscendChip\AC1003\1.0.2 -IC:\Keil_v5\ARM\PACK\A
scendChip\AC1003\1.0.2\Device\Include --predefine="__MICROLIB SETA 1" --predefi
ne="__UVISION_VERSION SETA 514" --predefine="_RTE_ SETA 1" --list=.\listings\st
artup_ac1003.lst ..\DEVICE\Keil\startup_ac1003.s



ARM Macro Assembler    Page 1 Alphabetic symbol ordering
Relocatable symbols

STACK 00000000

Symbol: STACK
   Definitions
      At line 50 in file ..\DEVICE\Keil\startup_ac1003.s
   Uses
      None
Comment: STACK unused
Stack_Mem 00000000

Symbol: Stack_Mem
   Definitions
      At line 51 in file ..\DEVICE\Keil\startup_ac1003.s
   Uses
      None
Comment: Stack_Mem unused
__initial_sp 00000200

Symbol: __initial_sp
   Definitions
      At line 52 in file ..\DEVICE\Keil\startup_ac1003.s
   Uses
      At line 78 in file ..\DEVICE\Keil\startup_ac1003.s
      At line 256 in file ..\DEVICE\Keil\startup_ac1003.s

3 symbols



ARM Macro Assembler    Page 1 Alphabetic symbol ordering
Relocatable symbols

HEAP 00000000

Symbol: HEAP
   Definitions
      At line 61 in file ..\DEVICE\Keil\startup_ac1003.s
   Uses
      None
Comment: HEAP unused
Heap_Mem 00000000

Symbol: Heap_Mem
   Definitions
      At line 63 in file ..\DEVICE\Keil\startup_ac1003.s
   Uses
      None
Comment: Heap_Mem unused
__heap_base 00000000

Symbol: __heap_base
   Definitions
      At line 62 in file ..\DEVICE\Keil\startup_ac1003.s
   Uses
      At line 257 in file ..\DEVICE\Keil\startup_ac1003.s
Comment: __heap_base used once
__heap_limit 00000200

Symbol: __heap_limit
   Definitions
      At line 64 in file ..\DEVICE\Keil\startup_ac1003.s
   Uses
      At line 258 in file ..\DEVICE\Keil\startup_ac1003.s
Comment: __heap_limit used once
4 symbols



ARM Macro Assembler    Page 1 Alphabetic symbol ordering
Relocatable symbols

RESET 00000000

Symbol: RESET
   Definitions
      At line 73 in file ..\DEVICE\Keil\startup_ac1003.s
   Uses
      None
Comment: RESET unused
__Vectors 00000000

Symbol: __Vectors
   Definitions
      At line 78 in file ..\DEVICE\Keil\startup_ac1003.s
   Uses
      At line 74 in file ..\DEVICE\Keil\startup_ac1003.s
      At line 131 in file ..\DEVICE\Keil\startup_ac1003.s

__Vectors_End 000000C0

Symbol: __Vectors_End
   Definitions
      At line 129 in file ..\DEVICE\Keil\startup_ac1003.s
   Uses
      At line 75 in file ..\DEVICE\Keil\startup_ac1003.s
      At line 131 in file ..\DEVICE\Keil\startup_ac1003.s

3 symbols



ARM Macro Assembler    Page 1 Alphabetic symbol ordering
Relocatable symbols

.text 00000000

Symbol: .text
   Definitions
      At line 133 in file ..\DEVICE\Keil\startup_ac1003.s
   Uses
      None
Comment: .text unused
ADC_IRQHandler 00000012

Symbol: ADC_IRQHandler
   Definitions
      At line 235 in file ..\DEVICE\Keil\startup_ac1003.s
   Uses
      At line 121 in file ..\DEVICE\Keil\startup_ac1003.s
      At line 199 in file ..\DEVICE\Keil\startup_ac1003.s

AWK_IRQHandler 00000012

Symbol: AWK_IRQHandler
   Definitions
      At line 239 in file ..\DEVICE\Keil\startup_ac1003.s
   Uses
      At line 125 in file ..\DEVICE\Keil\startup_ac1003.s
      At line 203 in file ..\DEVICE\Keil\startup_ac1003.s

CLKTRIM_IRQHandler 00000012

Symbol: CLKTRIM_IRQHandler
   Definitions
      At line 242 in file ..\DEVICE\Keil\startup_ac1003.s
   Uses
      At line 128 in file ..\DEVICE\Keil\startup_ac1003.s
      At line 206 in file ..\DEVICE\Keil\startup_ac1003.s

Default_Handler 00000012

Symbol: Default_Handler
   Definitions
      At line 173 in file ..\DEVICE\Keil\startup_ac1003.s
   Uses
      None
Comment: Default_Handler unused
FLASH_IRQHandler 00000012

Symbol: FLASH_IRQHandler
   Definitions
      At line 215 in file ..\DEVICE\Keil\startup_ac1003.s
   Uses
      At line 101 in file ..\DEVICE\Keil\startup_ac1003.s
      At line 179 in file ..\DEVICE\Keil\startup_ac1003.s

GPIOA_IRQHandler 00000012

Symbol: GPIOA_IRQHandler
   Definitions
      At line 211 in file ..\DEVICE\Keil\startup_ac1003.s
   Uses
      At line 97 in file ..\DEVICE\Keil\startup_ac1003.s



ARM Macro Assembler    Page 2 Alphabetic symbol ordering
Relocatable symbols

      At line 175 in file ..\DEVICE\Keil\startup_ac1003.s

GPIOB_IRQHandler 00000012

Symbol: GPIOB_IRQHandler
   Definitions
      At line 212 in file ..\DEVICE\Keil\startup_ac1003.s
   Uses
      At line 98 in file ..\DEVICE\Keil\startup_ac1003.s
      At line 176 in file ..\DEVICE\Keil\startup_ac1003.s

GPIOC_IRQHandler 00000012

Symbol: GPIOC_IRQHandler
   Definitions
      At line 213 in file ..\DEVICE\Keil\startup_ac1003.s
   Uses
      At line 99 in file ..\DEVICE\Keil\startup_ac1003.s
      At line 177 in file ..\DEVICE\Keil\startup_ac1003.s

GPIOD_IRQHandler 00000012

Symbol: GPIOD_IRQHandler
   Definitions
      At line 214 in file ..\DEVICE\Keil\startup_ac1003.s
   Uses
      At line 100 in file ..\DEVICE\Keil\startup_ac1003.s
      At line 178 in file ..\DEVICE\Keil\startup_ac1003.s

HardFault_Handler 0000000A

Symbol: HardFault_Handler
   Definitions
      At line 156 in file ..\DEVICE\Keil\startup_ac1003.s
   Uses
      At line 81 in file ..\DEVICE\Keil\startup_ac1003.s
      At line 157 in file ..\DEVICE\Keil\startup_ac1003.s

I2C_IRQHandler 00000012

Symbol: I2C_IRQHandler
   Definitions
      At line 223 in file ..\DEVICE\Keil\startup_ac1003.s
   Uses
      At line 109 in file ..\DEVICE\Keil\startup_ac1003.s
      At line 187 in file ..\DEVICE\Keil\startup_ac1003.s

IWDG_IRQHandler 00000012

Symbol: IWDG_IRQHandler
   Definitions
      At line 234 in file ..\DEVICE\Keil\startup_ac1003.s
   Uses
      At line 120 in file ..\DEVICE\Keil\startup_ac1003.s
      At line 198 in file ..\DEVICE\Keil\startup_ac1003.s

LPTIM_IRQHandler 00000012

Symbol: LPTIM_IRQHandler



ARM Macro Assembler    Page 3 Alphabetic symbol ordering
Relocatable symbols

   Definitions
      At line 227 in file ..\DEVICE\Keil\startup_ac1003.s
   Uses
      At line 113 in file ..\DEVICE\Keil\startup_ac1003.s
      At line 191 in file ..\DEVICE\Keil\startup_ac1003.s

LPUART_IRQHandler 00000012

Symbol: LPUART_IRQHandler
   Definitions
      At line 219 in file ..\DEVICE\Keil\startup_ac1003.s
   Uses
      At line 105 in file ..\DEVICE\Keil\startup_ac1003.s
      At line 183 in file ..\DEVICE\Keil\startup_ac1003.s

LVD_IRQHandler 00000012

Symbol: LVD_IRQHandler
   Definitions
      At line 236 in file ..\DEVICE\Keil\startup_ac1003.s
   Uses
      At line 122 in file ..\DEVICE\Keil\startup_ac1003.s
      At line 200 in file ..\DEVICE\Keil\startup_ac1003.s

NMI_Handler 00000008

Symbol: NMI_Handler
   Definitions
      At line 151 in file ..\DEVICE\Keil\startup_ac1003.s
   Uses
      At line 80 in file ..\DEVICE\Keil\startup_ac1003.s
      At line 152 in file ..\DEVICE\Keil\startup_ac1003.s

ONEWIRE_IRQHandler 00000012

Symbol: ONEWIRE_IRQHandler
   Definitions
      At line 240 in file ..\DEVICE\Keil\startup_ac1003.s
   Uses
      At line 126 in file ..\DEVICE\Keil\startup_ac1003.s
      At line 204 in file ..\DEVICE\Keil\startup_ac1003.s

PCA_IRQHandler 00000012

Symbol: PCA_IRQHandler
   Definitions
      At line 232 in file ..\DEVICE\Keil\startup_ac1003.s
   Uses
      At line 118 in file ..\DEVICE\Keil\startup_ac1003.s
      At line 196 in file ..\DEVICE\Keil\startup_ac1003.s

PendSV_Handler 0000000E

Symbol: PendSV_Handler
   Definitions
      At line 164 in file ..\DEVICE\Keil\startup_ac1003.s
   Uses
      At line 92 in file ..\DEVICE\Keil\startup_ac1003.s
      At line 165 in file ..\DEVICE\Keil\startup_ac1003.s



ARM Macro Assembler    Page 4 Alphabetic symbol ordering
Relocatable symbols


RTC_IRQHandler 00000012

Symbol: RTC_IRQHandler
   Definitions
      At line 241 in file ..\DEVICE\Keil\startup_ac1003.s
   Uses
      At line 127 in file ..\DEVICE\Keil\startup_ac1003.s
      At line 205 in file ..\DEVICE\Keil\startup_ac1003.s

Reset_Handler 00000000

Symbol: Reset_Handler
   Definitions
      At line 138 in file ..\DEVICE\Keil\startup_ac1003.s
   Uses
      At line 79 in file ..\DEVICE\Keil\startup_ac1003.s
      At line 139 in file ..\DEVICE\Keil\startup_ac1003.s

SPI_IRQHandler 00000012

Symbol: SPI_IRQHandler
   Definitions
      At line 221 in file ..\DEVICE\Keil\startup_ac1003.s
   Uses
      At line 107 in file ..\DEVICE\Keil\startup_ac1003.s
      At line 185 in file ..\DEVICE\Keil\startup_ac1003.s

SVC_Handler 0000000C

Symbol: SVC_Handler
   Definitions
      At line 160 in file ..\DEVICE\Keil\startup_ac1003.s
   Uses
      At line 89 in file ..\DEVICE\Keil\startup_ac1003.s
      At line 161 in file ..\DEVICE\Keil\startup_ac1003.s

SysTick_Handler 00000010

Symbol: SysTick_Handler
   Definitions
      At line 168 in file ..\DEVICE\Keil\startup_ac1003.s
   Uses
      At line 93 in file ..\DEVICE\Keil\startup_ac1003.s
      At line 169 in file ..\DEVICE\Keil\startup_ac1003.s

TIM10_IRQHandler 00000012

Symbol: TIM10_IRQHandler
   Definitions
      At line 225 in file ..\DEVICE\Keil\startup_ac1003.s
   Uses
      At line 111 in file ..\DEVICE\Keil\startup_ac1003.s
      At line 189 in file ..\DEVICE\Keil\startup_ac1003.s

TIM11_IRQHandler 00000012

Symbol: TIM11_IRQHandler
   Definitions



ARM Macro Assembler    Page 5 Alphabetic symbol ordering
Relocatable symbols

      At line 226 in file ..\DEVICE\Keil\startup_ac1003.s
   Uses
      At line 112 in file ..\DEVICE\Keil\startup_ac1003.s
      At line 190 in file ..\DEVICE\Keil\startup_ac1003.s

TIM1_IRQHandler 00000012

Symbol: TIM1_IRQHandler
   Definitions
      At line 229 in file ..\DEVICE\Keil\startup_ac1003.s
   Uses
      At line 115 in file ..\DEVICE\Keil\startup_ac1003.s
      At line 193 in file ..\DEVICE\Keil\startup_ac1003.s

TIM2_IRQHandler 00000012

Symbol: TIM2_IRQHandler
   Definitions
      At line 230 in file ..\DEVICE\Keil\startup_ac1003.s
   Uses
      At line 116 in file ..\DEVICE\Keil\startup_ac1003.s
      At line 194 in file ..\DEVICE\Keil\startup_ac1003.s

UART0_IRQHandler 00000012

Symbol: UART0_IRQHandler
   Definitions
      At line 217 in file ..\DEVICE\Keil\startup_ac1003.s
   Uses
      At line 103 in file ..\DEVICE\Keil\startup_ac1003.s
      At line 181 in file ..\DEVICE\Keil\startup_ac1003.s

UART1_IRQHandler 00000012

Symbol: UART1_IRQHandler
   Definitions
      At line 218 in file ..\DEVICE\Keil\startup_ac1003.s
   Uses
      At line 104 in file ..\DEVICE\Keil\startup_ac1003.s
      At line 182 in file ..\DEVICE\Keil\startup_ac1003.s

VC_IRQHandler 00000012

Symbol: VC_IRQHandler
   Definitions
      At line 237 in file ..\DEVICE\Keil\startup_ac1003.s
   Uses
      At line 123 in file ..\DEVICE\Keil\startup_ac1003.s
      At line 201 in file ..\DEVICE\Keil\startup_ac1003.s

WWDG_IRQHandler 00000012

Symbol: WWDG_IRQHandler
   Definitions
      At line 233 in file ..\DEVICE\Keil\startup_ac1003.s
   Uses
      At line 119 in file ..\DEVICE\Keil\startup_ac1003.s
      At line 197 in file ..\DEVICE\Keil\startup_ac1003.s




ARM Macro Assembler    Page 6 Alphabetic symbol ordering
Relocatable symbols

33 symbols



ARM Macro Assembler    Page 1 Alphabetic symbol ordering
Absolute symbols

Heap_Size 00000200

Symbol: Heap_Size
   Definitions
      At line 59 in file ..\DEVICE\Keil\startup_ac1003.s
   Uses
      At line 63 in file ..\DEVICE\Keil\startup_ac1003.s
Comment: Heap_Size used once
Stack_Size 00000200

Symbol: Stack_Size
   Definitions
      At line 48 in file ..\DEVICE\Keil\startup_ac1003.s
   Uses
      At line 51 in file ..\DEVICE\Keil\startup_ac1003.s
Comment: Stack_Size used once
__Vectors_Size 000000C0

Symbol: __Vectors_Size
   Definitions
      At line 131 in file ..\DEVICE\Keil\startup_ac1003.s
   Uses
      At line 76 in file ..\DEVICE\Keil\startup_ac1003.s
Comment: __Vectors_Size used once
3 symbols



ARM Macro Assembler    Page 1 Alphabetic symbol ordering
External symbols

SystemInit 00000000

Symbol: SystemInit
   Definitions
      At line 140 in file ..\DEVICE\Keil\startup_ac1003.s
   Uses
      At line 142 in file ..\DEVICE\Keil\startup_ac1003.s
Comment: SystemInit used once
__main 00000000

Symbol: __main
   Definitions
      At line 141 in file ..\DEVICE\Keil\startup_ac1003.s
   Uses
      At line 144 in file ..\DEVICE\Keil\startup_ac1003.s
Comment: __main used once
2 symbols
383 symbols in table
